e:\vswork\opengl_\opengl_流线显示\x64\debug\vc141.pdb
e:\vswork\opengl_\opengl_流线显示\x64\debug\vc141.idb
e:\vswork\opengl_\opengl_流线显示\x64\debug\translate.obj
e:\vswork\opengl_\opengl_流线显示\x64\debug\streamlinefilter.obj
e:\vswork\opengl_\opengl_流线显示\x64\debug\stb_image.obj
e:\vswork\opengl_\opengl_流线显示\x64\debug\scene.obj
e:\vswork\opengl_\opengl_流线显示\x64\debug\pointclound.obj
e:\vswork\opengl_\opengl_流线显示\x64\debug\object.obj
e:\vswork\opengl_\opengl_流线显示\x64\debug\normalclip.obj
e:\vswork\opengl_\opengl_流线显示\x64\debug\mesh.obj
e:\vswork\opengl_\opengl_流线显示\x64\debug\marchingcube.obj
e:\vswork\opengl_\opengl_流线显示\x64\debug\main.obj
e:\vswork\opengl_\opengl_流线显示\x64\debug\gameobject.obj
e:\vswork\opengl_\opengl_流线显示\x64\debug\componentcollection.obj
e:\vswork\opengl_\opengl_流线显示\x64\debug\component.obj
e:\vswork\opengl_\opengl_流线显示\x64\debug\cohen_sutherland.obj
e:\vswork\opengl_\opengl_流线显示\x64\debug\camera.obj
e:\vswork\opengl_\opengl_流线显示\x64\debug\brasky.obj
e:\vswork\opengl_\opengl_流线显示\x64\debug\matrix.obj
e:\vswork\opengl_\opengl_流线显示\x64\debug\glew.obj
e:\vswork\opengl_\opengl_流线显示\x64\debug\camera2.obj
e:\vswork\opengl_\x64\debug\opengl_流线显示.lib
e:\vswork\opengl_\x64\debug\opengl_流线显示.exp
e:\vswork\opengl_\opengl_流线显示\x64\debug\opengl_流线显示.res
e:\vswork\opengl_\x64\debug\opengl_流线显示.pdb
e:\vswork\opengl_\opengl_流线显示\x64\debug\opengl_流线显示.tlog\cl.command.1.tlog
e:\vswork\opengl_\opengl_流线显示\x64\debug\opengl_流线显示.tlog\cl.read.1.tlog
e:\vswork\opengl_\opengl_流线显示\x64\debug\opengl_流线显示.tlog\cl.write.1.tlog
e:\vswork\opengl_\opengl_流线显示\x64\debug\opengl_流线显示.tlog\link-cvtres.read.1.tlog
e:\vswork\opengl_\opengl_流线显示\x64\debug\opengl_流线显示.tlog\link-cvtres.write.1.tlog
e:\vswork\opengl_\opengl_流线显示\x64\debug\opengl_流线显示.tlog\link-rc.read.1.tlog
e:\vswork\opengl_\opengl_流线显示\x64\debug\opengl_流线显示.tlog\link-rc.write.1.tlog
e:\vswork\opengl_\opengl_流线显示\x64\debug\opengl_流线显示.tlog\link.35616-cvtres.read.1.tlog
e:\vswork\opengl_\opengl_流线显示\x64\debug\opengl_流线显示.tlog\link.35616-cvtres.write.1.tlog
e:\vswork\opengl_\opengl_流线显示\x64\debug\opengl_流线显示.tlog\link.35616-rc.read.1.tlog
e:\vswork\opengl_\opengl_流线显示\x64\debug\opengl_流线显示.tlog\link.35616-rc.write.1.tlog
e:\vswork\opengl_\opengl_流线显示\x64\debug\opengl_流线显示.tlog\link.35616.read.1.tlog
e:\vswork\opengl_\opengl_流线显示\x64\debug\opengl_流线显示.tlog\link.35616.write.1.tlog
e:\vswork\opengl_\opengl_流线显示\x64\debug\opengl_流线显示.tlog\link.command.1.tlog
e:\vswork\opengl_\opengl_流线显示\x64\debug\opengl_流线显示.tlog\link.read.1.tlog
e:\vswork\opengl_\opengl_流线显示\x64\debug\opengl_流线显示.tlog\link.write.1.tlog
e:\vswork\opengl_\opengl_流线显示\x64\debug\opengl_流线显示.tlog\opengl_流线显示.write.1u.tlog
e:\vswork\opengl_\opengl_流线显示\x64\debug\opengl_流线显示.tlog\rc.command.1.tlog
e:\vswork\opengl_\opengl_流线显示\x64\debug\opengl_流线显示.tlog\rc.read.1.tlog
e:\vswork\opengl_\opengl_流线显示\x64\debug\opengl_流线显示.tlog\rc.write.1.tlog
